<?xml version="1.0" encoding="UTF-8"?>
<!-- Generated by org.testng.reporters.JUnitReportReporter -->
<testsuite skipped="0" hostname="DESKTOP-D5KJBUL" name="ORExample" tests="1" failures="0" timestamp="25 Jun 2018 11:42:52 GMT" time="44.888" errors="0">
  <testcase name="TestOR" time="44.888" classname="ORExample"/>
</testsuite> <!-- ORExample -->
