<?xml version="1.0" encoding="UTF-8"?>
<!-- Generated by org.testng.reporters.JUnitReportReporter -->
<testsuite skipped="0" hostname="DESKTOP-D5KJBUL" name="learning.ORExample" tests="1" failures="0" timestamp="02 Jul 2018 13:05:08 GMT" time="27.736" errors="0">
  <testcase name="TestOR" time="27.736" classname="learning.ORExample"/>
</testsuite> <!-- learning.ORExample -->
