<?xml version="1.0" encoding="UTF-8"?>
<!-- Generated by org.testng.reporters.JUnitReportReporter -->
<testsuite skipped="0" hostname="DESKTOP-D5KJBUL" name="learning.FirstProgram" tests="1" failures="0" timestamp="25 Jun 2018 11:44:11 GMT" time="41.357" errors="0">
  <testcase name="open" time="41.357" classname="learning.FirstProgram"/>
</testsuite> <!-- learning.FirstProgram -->
